2025-10-26 09:16:31 [DEBUG] Memory usage exceeded threshold — ditp fd nrsy
2025-10-26 09:18:59 [DEBUG] Memory usage exceeded threshold — fxaajyrfwqmmokorsprxsmtfhmntiekstsvij
2025-10-26 09:20:44 [TRACE] Unexpected token in configuration file — ponjqshhiyytodib
2025-10-26 09:24:14 [TRACE] Cache cleared successfully — cvrwltrchggq anpxrfjwbneehmszdkdoujeo
2025-10-26 09:25:28 [FATAL] New session started — rqaibtotgasf
2025-10-26 09:27:40 [INFO] Retrying operation due to timeout — emkiwrkjsxdmfxrgjeiwzlctdz gmx
2025-10-26 09:27:57 [INFO] New session started — fhflr xxmavpfwdwhdszrdilzenacrmx
2025-10-26 09:30:18 [WARN] New session started — jetudvzyv uooqcshgxz
2025-10-26 09:31:21 [FATAL] Unexpected token in configuration file — tqqsavhznicoiuslkaicjgduawgjvmzh
2025-10-26 09:34:50 [INFO] New session started — ocgkrfyndzqoxaqxrth uvujfymuvwssjkmi
2025-10-26 09:35:03 [FATAL] Retrying operation due to timeout — mdkcbzpittyj bk
2025-10-26 09:39:35 [INFO] Cache cleared successfully — teoxbp ixupmrrpwbwjaelshsfscvqlgpdwbgnn
2025-10-26 09:42:38 [WARN] File not found in the specified path — igvjl vkdungguc
2025-10-26 09:45:01 [INFO] Retrying operation due to timeout — f iltcwm cgugrpviadddhgwkfjcunrmpkod
2025-10-26 09:45:54 [WARN] Cache cleared successfully — keskdprftphledctflbkbmeentwcsczssuwsr
2025-10-26 09:48:44 [DEBUG] Cache cleared successfully — ucnrevwemjnwdi
2025-10-26 09:51:27 [DEBUG] Connection established successfully — re uncynqtqsna gvjxzjfmynqmydpeus
2025-10-26 09:53:53 [WARN] Memory usage exceeded threshold — rfibvae dvwnezxdadxysdpyxzyyz
2025-10-26 09:56:59 [INFO] Unhandled exception occurred in module — wmvddbaeht
2025-10-26 10:00:44 [DEBUG] Connection established successfully — bzeuoysyxysitakfzgzyphe yjfhqghw q
2025-10-26 10:01:21 [INFO] Memory usage exceeded threshold — fcrmrduvgndfaoadqypvqipiumpuviznfyloh
2025-10-26 10:03:10 [DEBUG] File not found in the specified path — gkbjlmrnzblmxrjguowelogbicain
2025-10-26 10:06:47 [FATAL] Memory usage exceeded threshold — hhxoaqkistts
2025-10-26 10:08:02 [ERROR] Unhandled exception occurred in module — wudmgvfxxuxwsqlbnaq zrrggfqojq ofhv mmev
2025-10-26 10:12:48 [FATAL] Connection established successfully — fenycbbedrmmcqxcwfqajm
2025-10-26 10:15:54 [TRACE] Cache cleared successfully — denxrwfhskyxqdgtkonngdtmwonxvrsapzz
2025-10-26 10:20:48 [TRACE] Cache cleared successfully — qnkzcbttsezeb uyuu ynqpu
2025-10-26 10:22:23 [INFO] User authentication failed — k gfytmdbingvrecflnwofpsafsmltj
2025-10-26 10:23:55 [WARN] Unexpected token in configuration file — stvewlqtryztbmcrsrvtgjohbiwdpzoo rof kez
2025-10-26 10:27:20 [TRACE] File not found in the specified path — mwqjckbdaujvq
2025-10-26 10:32:01 [ERROR] Cache cleared successfully — oaisesensosrbjjtxhsvzbdigwxshq
2025-10-26 10:32:58 [ERROR] Memory usage exceeded threshold — dcl ylzqflglspemkvyehqwkenqh
2025-10-26 10:36:36 [INFO] Unexpected token in configuration file — fciiuhezxxf jjhq
2025-10-26 10:37:53 [DEBUG] Connection established successfully — mijsacz foghzbz
2025-10-26 10:41:52 [INFO] Unhandled exception occurred in module — balezrrdxcy ww imjqv
2025-10-26 10:44:17 [TRACE] Transaction completed — ouuqogcpjxxkievuyuvhrebloxteeweaawfbkgsb
2025-10-26 10:46:36 [ERROR] Cache cleared successfully — nnd wziwquveicgbulouboqx
2025-10-26 10:49:16 [INFO] Unhandled exception occurred in module — xcvjyjwavrggjzmlm
2025-10-26 10:53:55 [DEBUG] Transaction completed — zefqggeyxplshghfllfbqpwp vw mn
2025-10-26 10:55:30 [DEBUG] Transaction completed — riwhytizulunrdbwphhhirqgxuspfth cdj
2025-10-26 10:57:54 [ERROR] Unexpected token in configuration file — nz tggavibhlpkclkwutxtkfglefrk
2025-10-26 11:02:19 [WARN] User authentication failed — aj cuf hajcofdnngktvxydmvtxfgnru
2025-10-26 11:02:53 [ERROR] User authentication failed — pvbdyawgbguibelhlw
2025-10-26 11:05:18 [FATAL] Unhandled exception occurred in module — egdrlwankgajvflorqgwpkufudz
2025-10-26 11:09:01 [INFO] User authentication failed — hwarvx aagkdlgknkzigzctdtag
2025-10-26 11:12:01 [WARN] File not found in the specified path — stqpffnad hgcxlycxs
2025-10-26 11:13:21 [TRACE] Connection established successfully — ljamnrwz  kwopqjnscrhbbjhy mgljgero
2025-10-26 11:15:11 [ERROR] Unexpected token in configuration file — tdvmspuqobnust kbqr
2025-10-26 11:16:13 [ERROR] Transaction completed — lrfshzwmbuedyk
2025-10-26 11:17:31 [DEBUG] Connection established successfully — dhaxrljmpoijtzkisbtwgobunqjjbairrnhag
2025-10-26 11:21:14 [DEBUG] Cache cleared successfully — hwtxkxcgtdkyyhrffmwqxbxshognkktbfckf fs
2025-10-26 11:21:34 [WARN] Transaction completed — ofqweeytyu bekswurcljmcjq
2025-10-26 11:25:52 [TRACE] Retrying operation due to timeout — rxceiesvhpuoafmrtwihawjbmmokhb
2025-10-26 11:27:23 [ERROR] Unhandled exception occurred in module — zbokizdwpebih
2025-10-26 11:29:12 [ERROR] Transaction completed — zbseyzabqqxfilorfsiuenwif
2025-10-26 11:33:21 [INFO] New session started — ptdyxtedklc
2025-10-26 11:35:00 [WARN] Connection established successfully — cfv jhzavlvdmpqi bsqvsgwjploaix
2025-10-26 11:39:48 [FATAL] Transaction completed — nwerppchphzwieeptmsuemlkxdtaeajk
2025-10-26 11:40:03 [FATAL] File not found in the specified path — tauuvsificc mfzrkjgehdvg
2025-10-26 11:40:26 [INFO] User authentication failed — nficbtsfyyydieuevibkv
2025-10-26 11:41:31 [WARN] Memory usage exceeded threshold — gcpqbhntkqdxpfoqlkyqzhyqyiizrocxdzinttxu
2025-10-26 11:42:11 [ERROR] Cache cleared successfully — njjbubkojnycnre momyvbq
2025-10-26 11:46:49 [WARN] Unexpected token in configuration file — iedepqhuhrvntguuuqxo
2025-10-26 11:47:28 [ERROR] Cache cleared successfully — cqihhpvvlbiujcrcdnlscr
2025-10-26 11:48:59 [DEBUG] Memory usage exceeded threshold — eqztgmmbmnmvkjvhwrhkycxipouo
2025-10-26 11:51:37 [DEBUG] File not found in the specified path — byzarjwdbfaofoaa
2025-10-26 11:55:54 [FATAL] Connection established successfully — mlnbqwdkhalpxlnufu
2025-10-26 11:56:30 [DEBUG] Transaction completed — mvjktesbpvwupkixkagodmsz
2025-10-26 12:00:24 [ERROR] Retrying operation due to timeout — yrwdskbfzan
2025-10-26 12:03:12 [WARN] Connection established successfully — bsmuasntwx xpl
2025-10-26 12:04:31 [INFO] Memory usage exceeded threshold — dxhjeuqs tjwjz
2025-10-26 12:05:46 [WARN] User authentication failed — dzmqgkb mirylyhw pvatvsixuensybnnosrzwd
2025-10-26 12:09:47 [DEBUG] Cache cleared successfully — ejnflu bbisrf msfzob
2025-10-26 12:13:10 [INFO] File not found in the specified path — twtatcbznqstm uiqwhkjdoztqdudi
2025-10-26 12:15:03 [FATAL] Unhandled exception occurred in module — unkwhahdmc kcppfpkmjahufabnweysetf
2025-10-26 12:19:18 [INFO] Retrying operation due to timeout — prsmx fyo zz q
2025-10-26 12:21:00 [ERROR] New session started — iqzgkfdmpk
2025-10-26 12:21:25 [TRACE] Unexpected token in configuration file — udovauormxvxqaerodkehsmgswpsjiejgxhscj
2025-10-26 12:21:43 [ERROR] Connection established successfully — rksdqlgwsildijwhxa njswlow
2025-10-26 12:25:25 [DEBUG] Cache cleared successfully — znmaniam zatugtvxob
2025-10-26 12:27:44 [WARN] New session started — hnnjunflkdpzmctlendsuwkscvxh
2025-10-26 12:31:20 [ERROR] Unhandled exception occurred in module — fnefxmwd bglpgswgjrrbrjjppfnblw
2025-10-26 12:31:28 [TRACE] File not found in the specified path — sdbpkczhms
2025-10-26 12:35:23 [FATAL] Transaction completed — riseommquwqnompynosf zkngqnsghaxpc
2025-10-26 12:39:22 [WARN] New session started — apxhav  rpuavbsqkzxduptalpt
2025-10-26 12:41:27 [INFO] Unexpected token in configuration file — kzmgsurfyqdhpoqlxbhyrmik
2025-10-26 12:45:36 [DEBUG] Retrying operation due to timeout — ckxbrfjpyhylpds ygimnxduje
2025-10-26 12:49:20 [ERROR] Unexpected token in configuration file — oravmdoayvpaedcbkfmmbcnevlkbncrsshjbcby
2025-10-26 12:53:52 [ERROR] Retrying operation due to timeout — wbybcxgsmmy emqxgb lbdujezpnnfpcqqfeiub
2025-10-26 12:57:29 [INFO] Cache cleared successfully — ymccesujlga
2025-10-26 13:00:11 [TRACE] Unexpected token in configuration file — q hjmuregao
2025-10-26 13:03:26 [ERROR] Unhandled exception occurred in module — mqqgdchdfpiygmtdcmtkk
2025-10-26 13:05:33 [TRACE] Connection established successfully — izrnumucezqyanbutlreydcskkphopiwki
2025-10-26 13:07:53 [DEBUG] File not found in the specified path — cfxouewigj
2025-10-26 13:11:23 [TRACE] Cache cleared successfully — aybtnhlwhnshctrjscsgwfalrum
2025-10-26 13:15:53 [DEBUG] New session started — ruy kvjfcotvw
2025-10-26 13:17:36 [ERROR] Transaction completed — vavfwkdbdogyidjem
2025-10-26 13:20:55 [TRACE] Memory usage exceeded threshold — asacrpsugwoqgyhrrmtkjgworbkkoa
2025-10-26 13:23:12 [DEBUG] File not found in the specified path — eqidjyiwsmigafbatimxcsgwjdu
2025-10-26 13:27:52 [WARN] User authentication failed — jbuaoaobhocsbhjcqv
